[0m[[0mdebug[0m] [0mRunning TaskDef(org.scalaml.app.chap9.Chap9, org.scalatest.tools.Framework$$anon$1@7f6dd1be, false, [SuiteSelector])[0m
[0m[[0mdebug[0m] [0mRunning TaskDef(org.scalaml.app.chap8.Chap8, org.scalatest.tools.Framework$$anon$1@7f6dd1be, false, [SuiteSelector])[0m
[0m[[0mdebug[0m] [0mRunning TaskDef(org.scalaml.app.core.Core, org.scalatest.tools.Framework$$anon$1@7f6dd1be, false, [SuiteSelector])[0m
[0m[[0mdebug[0m] [0mRunning TaskDef(org.scalaml.app.chap3.Chap3, org.scalatest.tools.Framework$$anon$1@7f6dd1be, false, [SuiteSelector])[0m
[0m[[0mdebug[0m] [0mRunning TaskDef(org.scalaml.app.chap4.Chap4, org.scalatest.tools.Framework$$anon$1@7f6dd1be, false, [SuiteSelector])[0m
[0m[[0mdebug[0m] [0mRunning TaskDef(org.scalaml.app.chap11.Chap11, org.scalatest.tools.Framework$$anon$1@7f6dd1be, false, [SuiteSelector])[0m
[0m[[0mdebug[0m] [0mRunning TaskDef(org.scalaml.app.chap12.Chap12, org.scalatest.tools.Framework$$anon$1@7f6dd1be, false, [SuiteSelector])[0m
[0m[[0mdebug[0m] [0mRunning TaskDef(org.scalaml.app.chap2.Chap2, org.scalatest.tools.Framework$$anon$1@7f6dd1be, false, [SuiteSelector])[0m
[0m[[0mdebug[0m] [0mRunning TaskDef(org.scalaml.app.chap5.Chap5, org.scalatest.tools.Framework$$anon$1@7f6dd1be, false, [SuiteSelector])[0m
[0m[[0mdebug[0m] [0mRunning TaskDef(org.scalaml.app.chap1.Chap1, org.scalatest.tools.Framework$$anon$1@7f6dd1be, false, [SuiteSelector])[0m
[0m[[0mdebug[0m] [0mRunning TaskDef(org.scalaml.app.chap10.Chap10, org.scalatest.tools.Framework$$anon$1@7f6dd1be, false, [SuiteSelector])[0m
[0m[[0mdebug[0m] [0mRunning TaskDef(org.scalaml.app.chap6.Chap6, org.scalatest.tools.Framework$$anon$1@7f6dd1be, false, [SuiteSelector])[0m
[0m[[0mdebug[0m] [0mRunning TaskDef(org.scalaml.app.chap7.Chap7, org.scalatest.tools.Framework$$anon$1@7f6dd1be, false, [SuiteSelector])[0m
[0m[[0minfo[0m] [0m[36mRun completed in 57 seconds, 681 milliseconds.[0m[0m
[0m[[0minfo[0m] [0m[36mTotal number of tests run: 37[0m[0m
[0m[[0minfo[0m] [0m[36mSuites: completed 12, aborted 1[0m[0m
[0m[[0minfo[0m] [0m[36mTests: succeeded 31, failed 6, canceled 0, ignored 0, pending 0[0m[0m
[0m[[0minfo[0m] [0m[31m*** 1 SUITE ABORTED ***[0m[0m
[0m[[0minfo[0m] [0m[31m*** 6 TESTS FAILED ***[0m[0m
[0m[[0mdebug[0m] [0mPassed tests:[0m
[0m[[0mdebug[0m] [0m	org.scalaml.app.chap7.Chap7[0m
[0m[[0mdebug[0m] [0m	org.scalaml.app.chap6.Chap6[0m
[0m[[0mdebug[0m] [0m	org.scalaml.app.chap2.Chap2[0m
[0m[[0mdebug[0m] [0m	org.scalaml.app.chap1.Chap1[0m
[0m[[0mdebug[0m] [0m	org.scalaml.app.core.Core[0m
[0m[[0mdebug[0m] [0m	org.scalaml.app.chap3.Chap3[0m
[0m[[0mdebug[0m] [0m	org.scalaml.app.chap8.Chap8[0m
[0m[[0mdebug[0m] [0m	org.scalaml.app.chap4.Chap4[0m
[0m[[31merror[0m] [0mFailed tests:[0m
[0m[[31merror[0m] [0m	org.scalaml.app.chap12.Chap12[0m
[0m[[31merror[0m] [0m	org.scalaml.app.chap10.Chap10[0m
[0m[[31merror[0m] [0m	org.scalaml.app.chap11.Chap11[0m
[0m[[31merror[0m] [0m	org.scalaml.app.chap9.Chap9[0m
[0m[[31merror[0m] [0mError during tests:[0m
[0m[[31merror[0m] [0m	org.scalaml.app.chap5.Chap5[0m
[0m[[31merror[0m] [0m(test:[31mtest[0m) sbt.TestsFailedException: Tests unsuccessful[0m
