<?xml version='1.0' encoding='UTF-8'?>
<testsuite hostname="OABLN126" name="org.scalaml.app.chap8.Chap8" tests="5" errors="0" failures="0" time="12.333">
                     <properties>
[...]
</properties>
                     <testcase classname="org.scalaml.app.chap8.Chap8" name="Chap 8 Support Vector machines margin" time="2.933">
                                                 
                                               </testcase><testcase classname="org.scalaml.app.chap8.Chap8" name="Chap 8 Support Vector machines kernel function" time="7.339">
                                                 
                                               </testcase><testcase classname="org.scalaml.app.chap8.Chap8" name="Chap 8 Support Vector classifier" time="0.256">
                                                 
                                               </testcase><testcase classname="org.scalaml.app.chap8.Chap8" name="Chap 8 One-class Support Vector classifier" time="0.289">
                                                 
                                               </testcase><testcase classname="org.scalaml.app.chap8.Chap8" name="Chap 8 Support Vector regression" time="1.516">
                                                 
                                               </testcase>
                     <system-out></system-out>
                     <system-err></system-err>
                   </testsuite>