<?xml version='1.0' encoding='UTF-8'?>
<testsuite hostname="OABLN126" name="org.scalaml.app.chap9.Chap9" tests="5" errors="0" failures="1" time="5.348">
                     <properties>
[...]
</properties>
                     <testcase classname="org.scalaml.app.chap9.Chap9" name="Chapter 9 Multi-layer perceptron - eta factor" time="3.722">
                                                 
                                               </testcase><testcase classname="org.scalaml.app.chap9.Chap9" name="Chapter 9 Multi-layer perceptron - alpha factor" time="0.755">
                                                 
                                               </testcase><testcase classname="org.scalaml.app.chap9.Chap9" name="Chapter 9 Multi-layer perceptron - validation" time="0.256">
                                                 
                                               </testcase><testcase classname="org.scalaml.app.chap9.Chap9" name="Chapter 9 Multi-layer perceptron - Synthetic binomial classification" time="0.262">
                                                 
                                               </testcase><testcase classname="org.scalaml.app.chap9.Chap9" name="Chapter 9 Multi-layer perceptron - binomial classification for ETFs" time="0.353">
                                                 <failure message="The future returned an exception of type: java.lang.IllegalArgumentException, with message: requirement failed: MLPEval.run Should have at least one argument." type="org.scalatest.exceptions.TestFailedException">org.scalatest.exceptions.TestFailedException: The future returned an exception of type: java.lang.IllegalArgumentException, with message: requirement failed: MLPEval.run Should have at least one argument.
	at org.scalatest.concurrent.Futures$FutureConcept$class.tryTryAgain$1(Futures.scala:531)
	at org.scalatest.concurrent.Futures$FutureConcept$class.futureValue(Futures.scala:558)
	at org.scalatest.concurrent.ScalaFutures$$anon$1.futureValue(ScalaFutures.scala:74)
	at org.scalatest.concurrent.Futures$class.whenReady(Futures.scala:684)
	at org.scalaml.app.chap9.Chap9.whenReady(Chap9.scala:31)
	at org.scalaml.app.ScalaMlTest$class.evaluate(ScalaMlTest.scala:47)
	at org.scalaml.app.chap9.Chap9.evaluate(Chap9.scala:31)
	at org.scalaml.app.chap9.Chap9$$anonfun$5.apply(Chap9.scala:57)
	at org.scalaml.app.chap9.Chap9$$anonfun$5.apply(Chap9.scala:57)
	at org.scalatest.Transformer$$anonfun$apply$1.apply(Transformer.scala:22)
	at org.scalatest.Transformer$$anonfun$apply$1.apply(Transformer.scala:22)
	at org.scalatest.OutcomeOf$class.outcomeOf(OutcomeOf.scala:85)
	at org.scalatest.OutcomeOf$.outcomeOf(OutcomeOf.scala:104)
	at org.scalatest.Transformer.apply(Transformer.scala:22)
	at org.scalatest.Transformer.apply(Transformer.scala:20)
	at org.scalatest.FunSuiteLike$$anon$1.apply(FunSuiteLike.scala:158)
	at org.scalatest.Suite$class.withFixture(Suite.scala:1121)
	at org.scalatest.FunSuite.withFixture(FunSuite.scala:1559)
	at org.scalatest.FunSuiteLike$class.invokeWithFixture$1(FunSuiteLike.scala:155)
	at org.scalatest.FunSuiteLike$$anonfun$runTest$1.apply(FunSuiteLike.scala:167)
	at org.scalatest.FunSuiteLike$$anonfun$runTest$1.apply(FunSuiteLike.scala:167)
	at org.scalatest.SuperEngine.runTestImpl(Engine.scala:306)
	at org.scalatest.FunSuiteLike$class.runTest(FunSuiteLike.scala:167)
	at org.scalatest.FunSuite.runTest(FunSuite.scala:1559)
	at org.scalatest.FunSuiteLike$$anonfun$runTests$1.apply(FunSuiteLike.scala:200)
	at org.scalatest.FunSuiteLike$$anonfun$runTests$1.apply(FunSuiteLike.scala:200)
	at org.scalatest.SuperEngine$$anonfun$traverseSubNodes$1$1.apply(Engine.scala:413)
	at org.scalatest.SuperEngine$$anonfun$traverseSubNodes$1$1.apply(Engine.scala:401)
	at scala.collection.immutable.List.foreach(List.scala:318)
	at org.scalatest.SuperEngine.traverseSubNodes$1(Engine.scala:401)
	at org.scalatest.SuperEngine.org$scalatest$SuperEngine$$runTestsInBranch(Engine.scala:396)
	at org.scalatest.SuperEngine.runTestsImpl(Engine.scala:483)
	at org.scalatest.FunSuiteLike$class.runTests(FunSuiteLike.scala:200)
	at org.scalatest.FunSuite.runTests(FunSuite.scala:1559)
	at org.scalatest.Suite$class.run(Suite.scala:1423)
	at org.scalatest.FunSuite.org$scalatest$FunSuiteLike$$super$run(FunSuite.scala:1559)
	at org.scalatest.FunSuiteLike$$anonfun$run$1.apply(FunSuiteLike.scala:204)
	at org.scalatest.FunSuiteLike$$anonfun$run$1.apply(FunSuiteLike.scala:204)
	at org.scalatest.SuperEngine.runImpl(Engine.scala:545)
	at org.scalatest.FunSuiteLike$class.run(FunSuiteLike.scala:204)
	at org.scalatest.FunSuite.run(FunSuite.scala:1559)
	at org.scalatest.tools.Framework.org$scalatest$tools$Framework$$runSuite(Framework.scala:444)
	at org.scalatest.tools.Framework$ScalaTestTask.execute(Framework.scala:651)
	at sbt.TestRunner.runTest$1(TestFramework.scala:76)
	at sbt.TestRunner.run(TestFramework.scala:85)
	at sbt.TestFramework$$anon$2$$anonfun$$init$$1$$anonfun$apply$8.apply(TestFramework.scala:202)
	at sbt.TestFramework$$anon$2$$anonfun$$init$$1$$anonfun$apply$8.apply(TestFramework.scala:202)
	at sbt.TestFramework$.sbt$TestFramework$$withContextLoader(TestFramework.scala:185)
	at sbt.TestFramework$$anon$2$$anonfun$$init$$1.apply(TestFramework.scala:202)
	at sbt.TestFramework$$anon$2$$anonfun$$init$$1.apply(TestFramework.scala:202)
	at sbt.TestFunction.apply(TestFramework.scala:207)
	at sbt.Tests$$anonfun$9.apply(Tests.scala:216)
	at sbt.Tests$$anonfun$9.apply(Tests.scala:216)
	at sbt.std.Transform$$anon$3$$anonfun$apply$2.apply(System.scala:44)
	at sbt.std.Transform$$anon$3$$anonfun$apply$2.apply(System.scala:44)
	at sbt.std.Transform$$anon$4.work(System.scala:63)
	at sbt.Execute$$anonfun$submit$1$$anonfun$apply$1.apply(Execute.scala:226)
	at sbt.Execute$$anonfun$submit$1$$anonfun$apply$1.apply(Execute.scala:226)
	at sbt.ErrorHandling$.wideConvert(ErrorHandling.scala:17)
	at sbt.Execute.work(Execute.scala:235)
	at sbt.Execute$$anonfun$submit$1.apply(Execute.scala:226)
	at sbt.Execute$$anonfun$submit$1.apply(Execute.scala:226)
	at sbt.ConcurrentRestrictions$$anon$4$$anonfun$1.apply(ConcurrentRestrictions.scala:159)
	at sbt.CompletionService$$anon$2.call(CompletionService.scala:28)
	at java.util.concurrent.FutureTask.run(FutureTask.java:262)
	at java.util.concurrent.Executors$RunnableAdapter.call(Executors.java:471)
	at java.util.concurrent.FutureTask.run(FutureTask.java:262)
	at java.util.concurrent.ThreadPoolExecutor.runWorker(ThreadPoolExecutor.java:1145)
	at java.util.concurrent.ThreadPoolExecutor$Worker.run(ThreadPoolExecutor.java:615)
	at java.lang.Thread.run(Thread.java:745)
Caused by: java.lang.IllegalArgumentException: requirement failed: MLPEval.run Should have at least one argument
	at org.scalaml.app.chap9.MLPEval$.run(MLPEval.scala:70)
	at org.scalaml.app.ScalaMlTest$$anonfun$1.apply(ScalaMlTest.scala:45)
	at org.scalaml.app.ScalaMlTest$$anonfun$1.apply(ScalaMlTest.scala:45)
	at scala.concurrent.impl.Future$PromiseCompletingRunnable.liftedTree1$1(Future.scala:24)
	at scala.concurrent.impl.Future$PromiseCompletingRunnable.run(Future.scala:24)
	at scala.concurrent.impl.ExecutionContextImpl$$anon$3.exec(ExecutionContextImpl.scala:107)
	at scala.concurrent.forkjoin.ForkJoinTask.doExec(ForkJoinTask.java:260)
	at scala.concurrent.forkjoin.ForkJoinPool$WorkQueue.runTask(ForkJoinPool.java:1339)
	at scala.concurrent.forkjoin.ForkJoinPool.runWorker(ForkJoinPool.java:1979)
	at scala.concurrent.forkjoin.ForkJoinWorkerThread.run(ForkJoinWorkerThread.java:107)
</failure>
                                               </testcase>
                     <system-out></system-out>
                     <system-err></system-err>
                   </testsuite>